Removed Pin From Net: NetName=VCC Pin=Q1-1
Removed Pin From Net: NetName=NetQ1_2 Pin=Q1-2
Removed Pin From Net: NetName=VCC Pin=Q2-1
Removed Pin From Net: NetName=NetQ2_2 Pin=Q2-2
Removed Pin From Net: NetName=VCC Pin=Q3-1
Removed Pin From Net: NetName=NetQ3_2 Pin=Q3-2
Removed Pin From Net: NetName=VCC Pin=Q4-1
Removed Pin From Net: NetName=NetQ4_2 Pin=Q4-2
Removed Pin From Net: NetName=VCC Pin=Q5-1
Removed Pin From Net: NetName=NetQ5_2 Pin=Q5-2
Removed Pin From Net: NetName=VCC Pin=Q6-1
Removed Pin From Net: NetName=NetQ6_2 Pin=Q6-2
Removed Pin From Net: NetName=VCC Pin=Q7-1
Removed Pin From Net: NetName=NetQ7_2 Pin=Q7-2
Removed Pin From Net: NetName=VCC Pin=Q8-1
Removed Pin From Net: NetName=NetQ8_2 Pin=Q8-2
Removed Pin From Net: NetName=VCC Pin=Q9-1
Removed Pin From Net: NetName=NetQ9_2 Pin=Q9-2
Removed Pin From Net: NetName=VCC Pin=Q10-1
Removed Pin From Net: NetName=NetQ10_2 Pin=Q10-2
Removed Pin From Net: NetName=VCC Pin=Q11-1
Removed Pin From Net: NetName=NetQ11_2 Pin=Q11-2
Removed Pin From Net: NetName=VCC Pin=Q12-1
Removed Pin From Net: NetName=NetQ12_2 Pin=Q12-2
Removed Pin From Net: NetName=VCC Pin=Q13-1
Removed Pin From Net: NetName=NetQ13_2 Pin=Q13-2
Removed Pin From Net: NetName=VCC Pin=Q14-1
Removed Pin From Net: NetName=NetQ14_2 Pin=Q14-2
Removed Pin From Net: NetName=VCC Pin=Q15-1
Removed Pin From Net: NetName=NetQ15_2 Pin=Q15-2
Removed Pin From Net: NetName=VCC Pin=Q16-1
Removed Pin From Net: NetName=NetQ16_2 Pin=Q16-2
Removed Pin From Net: NetName=NPN1 Pin=Q17-1
Removed Pin From Net: NetName=NetQ17_2 Pin=Q17-2
Removed Pin From Net: NetName=NPN2 Pin=Q18-1
Removed Pin From Net: NetName=NetQ18_2 Pin=Q18-2
Removed Pin From Net: NetName=NPN3 Pin=Q19-1
Removed Pin From Net: NetName=NetQ19_2 Pin=Q19-2
Removed Pin From Net: NetName=NPN4 Pin=Q20-1
Removed Pin From Net: NetName=NetQ20_2 Pin=Q20-2
Added Pin To Net: NetName=NetQ1_2 Pin=Q1-1
Added Pin To Net: NetName=VCC Pin=Q1-2
Added Pin To Net: NetName=NetQ2_2 Pin=Q2-1
Added Pin To Net: NetName=VCC Pin=Q2-2
Added Pin To Net: NetName=NetQ3_2 Pin=Q3-1
Added Pin To Net: NetName=VCC Pin=Q3-2
Added Pin To Net: NetName=NetQ4_2 Pin=Q4-1
Added Pin To Net: NetName=VCC Pin=Q4-2
Added Pin To Net: NetName=NetQ5_2 Pin=Q5-1
Added Pin To Net: NetName=VCC Pin=Q5-2
Added Pin To Net: NetName=NetQ6_2 Pin=Q6-1
Added Pin To Net: NetName=VCC Pin=Q6-2
Added Pin To Net: NetName=NetQ7_2 Pin=Q7-1
Added Pin To Net: NetName=VCC Pin=Q7-2
Added Pin To Net: NetName=NetQ8_2 Pin=Q8-1
Added Pin To Net: NetName=VCC Pin=Q8-2
Added Pin To Net: NetName=NetQ9_2 Pin=Q9-1
Added Pin To Net: NetName=VCC Pin=Q9-2
Added Pin To Net: NetName=NetQ10_2 Pin=Q10-1
Added Pin To Net: NetName=VCC Pin=Q10-2
Added Pin To Net: NetName=NetQ11_2 Pin=Q11-1
Added Pin To Net: NetName=VCC Pin=Q11-2
Added Pin To Net: NetName=NetQ12_2 Pin=Q12-1
Added Pin To Net: NetName=VCC Pin=Q12-2
Added Pin To Net: NetName=NetQ13_2 Pin=Q13-1
Added Pin To Net: NetName=VCC Pin=Q13-2
Added Pin To Net: NetName=NetQ14_2 Pin=Q14-1
Added Pin To Net: NetName=VCC Pin=Q14-2
Added Pin To Net: NetName=NetQ15_2 Pin=Q15-1
Added Pin To Net: NetName=VCC Pin=Q15-2
Added Pin To Net: NetName=NetQ16_2 Pin=Q16-1
Added Pin To Net: NetName=VCC Pin=Q16-2
Added Pin To Net: NetName=NetQ17_2 Pin=Q17-1
Added Pin To Net: NetName=NPN1 Pin=Q17-2
Added Pin To Net: NetName=NetQ18_2 Pin=Q18-1
Added Pin To Net: NetName=NPN2 Pin=Q18-2
Added Pin To Net: NetName=NetQ19_2 Pin=Q19-1
Added Pin To Net: NetName=NPN3 Pin=Q19-2
Added Pin To Net: NetName=NetQ20_2 Pin=Q20-1
Added Pin To Net: NetName=NPN4 Pin=Q20-2
Added Room: Name=BJT
