Removed Pin From Net: NetName=PNP1 Pin=cube-1
Removed Pin From Net: NetName=PNP2 Pin=cube-2
Removed Pin From Net: NetName=PNP3 Pin=cube-3
Removed Pin From Net: NetName=PNP4 Pin=cube-4
Removed Pin From Net: NetName=PNP5 Pin=cube-5
Removed Pin From Net: NetName=PNP6 Pin=cube-6
Removed Pin From Net: NetName=PNP7 Pin=cube-7
Removed Pin From Net: NetName=PNP8 Pin=cube-8
Removed Pin From Net: NetName=PNP9 Pin=cube-9
Removed Pin From Net: NetName=PNP10 Pin=cube-10
Removed Pin From Net: NetName=PNP11 Pin=cube-11
Removed Pin From Net: NetName=PNP12 Pin=cube-12
Removed Pin From Net: NetName=PNP13 Pin=cube-13
Removed Pin From Net: NetName=PNP14 Pin=cube-14
Removed Pin From Net: NetName=PNP15 Pin=cube-15
Removed Pin From Net: NetName=PNP16 Pin=cube-16
Removed Pin From Net: NetName=NPN1 Pin=cube-17
Removed Pin From Net: NetName=NPN2 Pin=cube-18
Removed Pin From Net: NetName=NPN3 Pin=cube-19
Removed Pin From Net: NetName=NPN4 Pin=cube-20
Added Component: Designator=P5(HDR1X8)
Add component. Clean all parameters for all variants
Add component (AddParameter): Name = "LatestRevisionDate"; Value = "17-Jul-2002"; VariantName = "[No Variations]"
Add component (AddParameter): Name = "LatestRevisionNote"; Value = "Re-released for DXP Platform."; VariantName = "[No Variations]"
Add component (AddParameter): Name = "Publisher"; Value = "Altium Limited"; VariantName = "[No Variations]"
Added Component: Designator=P6(HDR1X8)
Add component. Clean all parameters for all variants
Add component (AddParameter): Name = "LatestRevisionDate"; Value = "17-Jul-2002"; VariantName = "[No Variations]"
Add component (AddParameter): Name = "LatestRevisionNote"; Value = "Re-released for DXP Platform."; VariantName = "[No Variations]"
Add component (AddParameter): Name = "Publisher"; Value = "Altium Limited"; VariantName = "[No Variations]"
Added Component: Designator=P7(HDR1X4)
Add component. Clean all parameters for all variants
Add component (AddParameter): Name = "LatestRevisionDate"; Value = "17-Jul-2002"; VariantName = "[No Variations]"
Add component (AddParameter): Name = "LatestRevisionNote"; Value = "Re-released for DXP Platform."; VariantName = "[No Variations]"
Add component (AddParameter): Name = "Publisher"; Value = "Altium Limited"; VariantName = "[No Variations]"
Added Pin To Net: NetName=PNP1 Pin=P5-1
Added Pin To Net: NetName=PNP2 Pin=P5-2
Added Pin To Net: NetName=PNP3 Pin=P5-3
Added Pin To Net: NetName=PNP4 Pin=P5-4
Added Pin To Net: NetName=PNP5 Pin=P5-5
Added Pin To Net: NetName=PNP6 Pin=P5-6
Added Pin To Net: NetName=PNP7 Pin=P5-7
Added Pin To Net: NetName=PNP8 Pin=P5-8
Added Pin To Net: NetName=PNP9 Pin=P6-1
Added Pin To Net: NetName=PNP10 Pin=P6-2
Added Pin To Net: NetName=PNP11 Pin=P6-3
Added Pin To Net: NetName=PNP12 Pin=P6-4
Added Pin To Net: NetName=PNP13 Pin=P6-5
Added Pin To Net: NetName=PNP14 Pin=P6-6
Added Pin To Net: NetName=PNP15 Pin=P6-7
Added Pin To Net: NetName=PNP16 Pin=P6-8
Added Pin To Net: NetName=NPN1 Pin=P7-1
Added Pin To Net: NetName=NPN2 Pin=P7-2
Added Pin To Net: NetName=NPN3 Pin=P7-3
Added Pin To Net: NetName=NPN4 Pin=P7-4
Added Member To Class: ClassName=BJT Member=Component P5 Header 8
Added Member To Class: ClassName=BJT Member=Component P6 Header 8
Added Member To Class: ClassName=BJT Member=Component P7 Header 4
Added Member To Class: ClassName=BJT Member=Component Q19 NPN
