Added Component: Designator=P8(HDR1X5)
Add component (AddParameter): Name = "LatestRevisionDate"; Value = "17-Jul-2002"; VariantName = "[No Variations]"
Add component (AddParameter): Name = "LatestRevisionNote"; Value = "Re-released for DXP Platform."; VariantName = "[No Variations]"
Add component (AddParameter): Name = "Publisher"; Value = "Altium Limited"; VariantName = "[No Variations]"
Added Component: Designator=P9(HDR1X3)
Add component (AddParameter): Name = "LatestRevisionDate"; Value = "17-Jul-2002"; VariantName = "[No Variations]"
Add component (AddParameter): Name = "LatestRevisionNote"; Value = "Re-released for DXP Platform."; VariantName = "[No Variations]"
Add component (AddParameter): Name = "Publisher"; Value = "Altium Limited"; VariantName = "[No Variations]"
Added Pin To Net: NetName=GND Pin=P8-1
Added Pin To Net: NetName=VCC Pin=P8-2
Added Pin To Net: NetName=control1 Pin=P8-3
Added Pin To Net: NetName=control1 Pin=P9-1
Added Net: Name=control1
Added Pin To Net: NetName=control2 Pin=P8-4
Added Pin To Net: NetName=control2 Pin=P9-2
Added Net: Name=control2
Added Pin To Net: NetName=control3 Pin=P8-5
Added Pin To Net: NetName=control3 Pin=P9-3
Added Net: Name=control3
Added Member To Class: ClassName=BJT Member=Component P8 Header 5
Added Member To Class: ClassName=BJT Member=Component P9 Header 3
